<?xml version="1.0" encoding="UTF-8"?>
<testsuite name="org.example.AppTest" tests="1" skipped="0" failures="0" errors="0" timestamp="2024-08-13T15:02:20" hostname="LAPTOP-RB5FFRUI" time="0.032">
  <properties/>
  <testcase name="appHasAGreeting()" classname="org.example.AppTest" time="0.032"/>
  <system-out><![CDATA[]]></system-out>
  <system-err><![CDATA[]]></system-err>
</testsuite>
